{ val => {null,null} }
{ int => {null,null} }
{ identifier => {0,0} }
{ = => {null,null} }
{ input => {null,null} }
{ ( => {null,null} }
{ ) => {null,null} }
{ ; => {null,null} }
{ val => {null,null} }
{ int => {null,null} }
{ identifier => {0,0} }
{ = => {null,null} }
{ input => {null,null} }
{ ( => {null,null} }
{ ) => {null,null} }
{ ; => {null,null} }
{ val => {null,null} }
{ int => {null,null} }
{ identifier => {3,0} }
{ = => {null,null} }
{ input => {null,null} }
{ ( => {null,null} }
{ ) => {null,null} }
{ ; => {null,null} }
{ if => {null,null} }
{ ( => {null,null} }
{ identifier => {1,0} }
{ <= => {null,null} }
{ identifier => {2,0} }
{ and => {null,null} }
{ identifier => {1,0} }
{ <= => {null,null} }
{ identifier => {3,0} }
{ ) => {null,null} }
{ write => {null,null} }
{ ( => {null,null} }
{ identifier => {1,0} }
{ ) => {null,null} }
{ ; => {null,null} }
{ elsif => {null,null} }
{ ( => {null,null} }
{ identifier => {2,0} }
{ <= => {null,null} }
{ identifier => {1,0} }
{ and => {null,null} }
{ identifier => {2,0} }
{ <= => {null,null} }
{ identifier => {3,0} }
{ ) => {null,null} }
{ write => {null,null} }
{ ( => {null,null} }
{ identifier => {2,0} }
{ ) => {null,null} }
{ ; => {null,null} }
{ else => {null,null} }
{ write => {null,null} }
{ ( => {null,null} }
{ identifier => {3,0} }
{ ) => {null,null} }
{ ; => {null,null} }
{ end => {null,null} }
